Using pre-set license
Built from '2021.3/staging' branch; Version is '2021.3.3f1 (af2e63e8f9bd) revision 11480675'; Using compiler version '192829333'; Build Type 'Release'
OS: 'Windows 10  (10.0.19043) 64bit Professional' Language: 'ru' Physical Memory: 16332 MB
BatchMode: 1, IsHumanControllingUs: 0, StartBugReporterOnCrash: 0, Is64bit: 1, IsPro: 1

COMMAND LINE ARGUMENTS:
D:\Unity Versions\2021.3.3f1\Editor\Unity.exe
-adb2
-batchMode
-noUpm
-name
AssetImportWorker6
-projectPath
D:/Rocket Launch/RocketLaunch/RocketLaunch
-logFile
Logs/AssetImportWorker6.log
-srvPort
54822
Successfully changed project path to: D:/Rocket Launch/RocketLaunch/RocketLaunch
D:/Rocket Launch/RocketLaunch/RocketLaunch
[UnityMemory] Configuration Parameters - Can be set up in boot.config
    "memorysetup-bucket-allocator-granularity=16"
    "memorysetup-bucket-allocator-bucket-count=8"
    "memorysetup-bucket-allocator-block-size=33554432"
    "memorysetup-bucket-allocator-block-count=8"
    "memorysetup-main-allocator-block-size=16777216"
    "memorysetup-thread-allocator-block-size=16777216"
    "memorysetup-gfx-main-allocator-block-size=16777216"
    "memorysetup-gfx-thread-allocator-block-size=16777216"
    "memorysetup-cache-allocator-block-size=4194304"
    "memorysetup-typetree-allocator-block-size=2097152"
    "memorysetup-profiler-bucket-allocator-granularity=16"
    "memorysetup-profiler-bucket-allocator-bucket-count=8"
    "memorysetup-profiler-bucket-allocator-block-size=33554432"
    "memorysetup-profiler-bucket-allocator-block-count=8"
    "memorysetup-profiler-allocator-block-size=16777216"
    "memorysetup-profiler-editor-allocator-block-size=1048576"
    "memorysetup-temp-allocator-size-main=16777216"
    "memorysetup-job-temp-allocator-block-size=2097152"
    "memorysetup-job-temp-allocator-block-size-background=1048576"
    "memorysetup-job-temp-allocator-reduction-small-platforms=262144"
    "memorysetup-temp-allocator-size-background-worker=32768"
    "memorysetup-temp-allocator-size-job-worker=262144"
    "memorysetup-temp-allocator-size-preload-manager=33554432"
    "memorysetup-temp-allocator-size-nav-mesh-worker=65536"
    "memorysetup-temp-allocator-size-audio-worker=65536"
    "memorysetup-temp-allocator-size-cloud-worker=32768"
    "memorysetup-temp-allocator-size-gi-baking-worker=262144"
    "memorysetup-temp-allocator-size-gfx=262144"
Refreshing native plugins compatible for Editor in 113.53 ms, found 3 plugins.
Preloading 0 native plugins for Editor in 0.00 ms.
Initialize engine version: 2021.3.3f1 (af2e63e8f9bd)
[Subsystems] Discovering subsystems at path D:/Unity Versions/2021.3.3f1/Editor/Data/Resources/UnitySubsystems
[Subsystems] Discovering subsystems at path D:/Rocket Launch/RocketLaunch/RocketLaunch/Assets
GfxDevice: creating device client; threaded=0; jobified=0
Direct3D:
    Version:  Direct3D 11.0 [level 11.1]
    Renderer: NVIDIA GeForce GTX 1060 6GB (ID=0x1c03)
    Vendor:   NVIDIA
    VRAM:     6052 MB
    Driver:   30.0.14.9729
Initialize mono
Mono path[0] = 'D:/Unity Versions/2021.3.3f1/Editor/Data/Managed'
Mono path[1] = 'D:/Unity Versions/2021.3.3f1/Editor/Data/MonoBleedingEdge/lib/mono/unityjit-win32'
Mono config path = 'D:/Unity Versions/2021.3.3f1/Editor/Data/MonoBleedingEdge/etc'
Using monoOptions --debugger-agent=transport=dt_socket,embedding=1,server=y,suspend=n,address=127.0.0.1:56188
Begin MonoManager ReloadAssembly
Registering precompiled unity dll's ...
Register platform support module: D:/Unity Versions/2021.3.3f1/Editor/Data/PlaybackEngines/WebGLSupport/UnityEditor.WebGL.Extensions.dll
Register platform support module: D:/Unity Versions/2021.3.3f1/Editor/Data/PlaybackEngines/AndroidPlayer/UnityEditor.Android.Extensions.dll
Register platform support module: D:/Unity Versions/2021.3.3f1/Editor/Data/PlaybackEngines/WindowsStandaloneSupport/UnityEditor.WindowsStandalone.Extensions.dll
Register platform support module: D:/Unity Versions/2021.3.3f1/Editor/Data/PlaybackEngines/MetroSupport/UnityEditor.UWP.Extensions.dll
Registered in 0.004803 seconds.
Native extension for UWP target not found
Native extension for WindowsStandalone target not found
Native extension for Android target not found
Native extension for WebGL target not found
Refreshing native plugins compatible for Editor in 112.60 ms, found 3 plugins.
Preloading 0 native plugins for Editor in 0.00 ms.
Mono: successfully reloaded assembly
- Completed reload, in  0.762 seconds
Domain Reload Profiling:
	ReloadAssembly (763ms)
		BeginReloadAssembly (79ms)
			ExecutionOrderSort (0ms)
			DisableScriptedObjects (0ms)
			BackupInstance (0ms)
			ReleaseScriptingObjects (0ms)
			CreateAndSetChildDomain (1ms)
		EndReloadAssembly (563ms)
			LoadAssemblies (79ms)
			RebuildTransferFunctionScriptingTraits (0ms)
			SetupTypeCache (125ms)
			ReleaseScriptCaches (0ms)
			RebuildScriptCaches (32ms)
			SetupLoadedEditorAssemblies (349ms)
				LogAssemblyErrors (0ms)
				InitializePlatformSupportModulesInManaged (66ms)
				SetLoadedEditorAssemblies (0ms)
				RefreshPlugins (113ms)
				BeforeProcessingInitializeOnLoad (1ms)
				ProcessInitializeOnLoadAttributes (115ms)
				ProcessInitializeOnLoadMethodAttributes (53ms)
				AfterProcessingInitializeOnLoad (0ms)
				EditorAssembliesLoaded (0ms)
			ExecutionOrderSort2 (0ms)
			AwakeInstancesAfterBackupRestoration (0ms)
Platform modules already initialized, skipping
Registering precompiled user dll's ...
Registered in 0.005479 seconds.
Begin MonoManager ReloadAssembly
Symbol file LoadedFromMemory doesn't match image D:\Rocket Launch\RocketLaunch\RocketLaunch\Library\PackageCache\com.unity.visualscripting@1.7.6\Editor\VisualScripting.Core\Dependencies\YamlDotNet\Unity.VisualScripting.YamlDotNet.dll
Symbol file LoadedFromMemory doesn't match image D:\Rocket Launch\RocketLaunch\RocketLaunch\Library\PackageCache\com.unity.visualscripting@1.7.6\Editor\VisualScripting.Core\Dependencies\DotNetZip\Unity.VisualScripting.IonicZip.dll
Native extension for UWP target not found
Native extension for WindowsStandalone target not found
Native extension for Android target not found
Native extension for WebGL target not found
Refreshing native plugins compatible for Editor in 0.68 ms, found 3 plugins.
Preloading 0 native plugins for Editor in 0.00 ms.
Mono: successfully reloaded assembly
- Completed reload, in  1.332 seconds
Domain Reload Profiling:
	ReloadAssembly (1333ms)
		BeginReloadAssembly (228ms)
			ExecutionOrderSort (0ms)
			DisableScriptedObjects (7ms)
			BackupInstance (0ms)
			ReleaseScriptingObjects (0ms)
			CreateAndSetChildDomain (127ms)
		EndReloadAssembly (976ms)
			LoadAssemblies (88ms)
			RebuildTransferFunctionScriptingTraits (0ms)
			SetupTypeCache (306ms)
			ReleaseScriptCaches (1ms)
			RebuildScriptCaches (72ms)
			SetupLoadedEditorAssemblies (454ms)
				LogAssemblyErrors (0ms)
				InitializePlatformSupportModulesInManaged (16ms)
				SetLoadedEditorAssemblies (1ms)
				RefreshPlugins (1ms)
				BeforeProcessingInitializeOnLoad (105ms)
				ProcessInitializeOnLoadAttributes (296ms)
				ProcessInitializeOnLoadMethodAttributes (32ms)
				AfterProcessingInitializeOnLoad (4ms)
				EditorAssembliesLoaded (0ms)
			ExecutionOrderSort2 (0ms)
			AwakeInstancesAfterBackupRestoration (8ms)
Platform modules already initialized, skipping
========================================================================
Worker process is ready to serve import requests
Launched and connected shader compiler UnityShaderCompiler.exe after 0.05 seconds
Refreshing native plugins compatible for Editor in 0.66 ms, found 3 plugins.
Preloading 0 native plugins for Editor in 0.00 ms.
Unloading 3558 Unused Serialized files (Serialized files now loaded: 0)
Unloading 40 unused Assets / (184.6 KB). Loaded Objects now: 4045.
Memory consumption went from 146.9 MB to 146.8 MB.
Total: 3.744600 ms (FindLiveObjects: 0.323600 ms CreateObjectMapping: 0.097400 ms MarkObjects: 3.157900 ms  DeleteObjects: 0.164300 ms)

AssetImportParameters requested are different than current active one (requested -> active):
  custom:video-decoder-ogg-theora: a1e56fd34408186e4bbccfd4996cb3dc -> 
  custom:container-muxer-webm: aa71ff27fc2769a1b78a27578f13a17b -> 
  custom:container-demuxer-webm: 4f35f7cbe854078d1ac9338744f61a02 -> 
  custom:video-encoder-webm-vp8: eb34c28f22e8b96e1ab97ce403110664 -> 
  custom:video-codec-MediaFoundation-h265: e54d7ab0439102e2317fc1e4b246158d -> 
  custom:audio-encoder-webm-vorbis: bf7c407c2cedff20999df2af8eb42d56 -> 
  custom:framework-win-MediaFoundation: 216162199b28c13a410421893ffa2e32 -> 
  custom:container-demuxer-ogg: 62fdf1f143b41e24485cea50d1cbac27 -> 
  custom:video-decoder-webm-vp8: 9c59270c3fd7afecdb556c50c9e8de78 -> 
  custom:audio-decoder-ogg-vorbis: bf7c407c2cedff20999df2af8eb42d56 -> 
========================================================================
Received Prepare
Registering precompiled user dll's ...
Registered in 0.005043 seconds.
Begin MonoManager ReloadAssembly
Symbol file LoadedFromMemory doesn't match image D:\Rocket Launch\RocketLaunch\RocketLaunch\Library\PackageCache\com.unity.visualscripting@1.7.6\Editor\VisualScripting.Core\Dependencies\YamlDotNet\Unity.VisualScripting.YamlDotNet.dll
Symbol file LoadedFromMemory doesn't match image D:\Rocket Launch\RocketLaunch\RocketLaunch\Library\PackageCache\com.unity.visualscripting@1.7.6\Editor\VisualScripting.Core\Dependencies\DotNetZip\Unity.VisualScripting.IonicZip.dll
Native extension for UWP target not found
Native extension for WindowsStandalone target not found
Native extension for Android target not found
Native extension for WebGL target not found
Refreshing native plugins compatible for Editor in 0.74 ms, found 3 plugins.
Preloading 0 native plugins for Editor in 0.00 ms.
Mono: successfully reloaded assembly
- Completed reload, in  1.321 seconds
Domain Reload Profiling:
	ReloadAssembly (1322ms)
		BeginReloadAssembly (155ms)
			ExecutionOrderSort (0ms)
			DisableScriptedObjects (6ms)
			BackupInstance (0ms)
			ReleaseScriptingObjects (0ms)
			CreateAndSetChildDomain (43ms)
		EndReloadAssembly (1053ms)
			LoadAssemblies (102ms)
			RebuildTransferFunctionScriptingTraits (0ms)
			SetupTypeCache (364ms)
			ReleaseScriptCaches (2ms)
			RebuildScriptCaches (62ms)
			SetupLoadedEditorAssemblies (466ms)
				LogAssemblyErrors (0ms)
				InitializePlatformSupportModulesInManaged (32ms)
				SetLoadedEditorAssemblies (1ms)
				RefreshPlugins (1ms)
				BeforeProcessingInitializeOnLoad (88ms)
				ProcessInitializeOnLoadAttributes (307ms)
				ProcessInitializeOnLoadMethodAttributes (33ms)
				AfterProcessingInitializeOnLoad (4ms)
				EditorAssembliesLoaded (0ms)
			ExecutionOrderSort2 (0ms)
			AwakeInstancesAfterBackupRestoration (8ms)
Platform modules already initialized, skipping
Refreshing native plugins compatible for Editor in 2.26 ms, found 3 plugins.
Preloading 0 native plugins for Editor in 0.00 ms.
Unloading 3540 Unused Serialized files (Serialized files now loaded: 0)
Unloading 21 unused Assets / (152.3 KB). Loaded Objects now: 4060.
Memory consumption went from 145.5 MB to 145.4 MB.
Total: 4.475700 ms (FindLiveObjects: 0.561300 ms CreateObjectMapping: 0.347200 ms MarkObjects: 3.406700 ms  DeleteObjects: 0.159100 ms)

AssetImportParameters requested are different than current active one (requested -> active):
  custom:video-decoder-ogg-theora: a1e56fd34408186e4bbccfd4996cb3dc -> 
  custom:container-muxer-webm: aa71ff27fc2769a1b78a27578f13a17b -> 
  custom:container-demuxer-webm: 4f35f7cbe854078d1ac9338744f61a02 -> 
  custom:video-encoder-webm-vp8: eb34c28f22e8b96e1ab97ce403110664 -> 
  custom:video-codec-MediaFoundation-h265: e54d7ab0439102e2317fc1e4b246158d -> 
  custom:audio-encoder-webm-vorbis: bf7c407c2cedff20999df2af8eb42d56 -> 
  custom:framework-win-MediaFoundation: 216162199b28c13a410421893ffa2e32 -> 
  custom:container-demuxer-ogg: 62fdf1f143b41e24485cea50d1cbac27 -> 
  custom:video-decoder-webm-vp8: 9c59270c3fd7afecdb556c50c9e8de78 -> 
  custom:audio-decoder-ogg-vorbis: bf7c407c2cedff20999df2af8eb42d56 -> 
========================================================================
Received Import Request.
  Time since last request: 53188.670089 seconds.
  path: Assets/DATA/Engine/engine_9.asset
  artifactKey: Guid(fc6994a89ab50b04890f9ba0cb75db4e) Importer(815301076,1909f56bfc062723c751e8b465ee728b)
Start importing Assets/DATA/Engine/engine_9.asset using Guid(fc6994a89ab50b04890f9ba0cb75db4e) Importer(815301076,1909f56bfc062723c751e8b465ee728b)  -> (artifact id: '6fee1c7bf30b7de13a8b1305095a2aab') in 0.038516 seconds 
========================================================================
Received Prepare
Registering precompiled user dll's ...
Registered in 0.005256 seconds.
Begin MonoManager ReloadAssembly
Symbol file LoadedFromMemory doesn't match image D:\Rocket Launch\RocketLaunch\RocketLaunch\Library\PackageCache\com.unity.visualscripting@1.7.6\Editor\VisualScripting.Core\Dependencies\YamlDotNet\Unity.VisualScripting.YamlDotNet.dll
Symbol file LoadedFromMemory doesn't match image D:\Rocket Launch\RocketLaunch\RocketLaunch\Library\PackageCache\com.unity.visualscripting@1.7.6\Editor\VisualScripting.Core\Dependencies\DotNetZip\Unity.VisualScripting.IonicZip.dll
Native extension for UWP target not found
Native extension for WindowsStandalone target not found
Native extension for Android target not found
Native extension for WebGL target not found
Refreshing native plugins compatible for Editor in 0.78 ms, found 3 plugins.
Preloading 0 native plugins for Editor in 0.00 ms.
Mono: successfully reloaded assembly
- Completed reload, in  1.238 seconds
Domain Reload Profiling:
	ReloadAssembly (1239ms)
		BeginReloadAssembly (150ms)
			ExecutionOrderSort (0ms)
			DisableScriptedObjects (6ms)
			BackupInstance (0ms)
			ReleaseScriptingObjects (0ms)
			CreateAndSetChildDomain (38ms)
		EndReloadAssembly (978ms)
			LoadAssemblies (98ms)
			RebuildTransferFunctionScriptingTraits (0ms)
			SetupTypeCache (324ms)
			ReleaseScriptCaches (1ms)
			RebuildScriptCaches (51ms)
			SetupLoadedEditorAssemblies (457ms)
				LogAssemblyErrors (0ms)
				InitializePlatformSupportModulesInManaged (33ms)
				SetLoadedEditorAssemblies (1ms)
				RefreshPlugins (1ms)
				BeforeProcessingInitializeOnLoad (87ms)
				ProcessInitializeOnLoadAttributes (291ms)
				ProcessInitializeOnLoadMethodAttributes (40ms)
				AfterProcessingInitializeOnLoad (4ms)
				EditorAssembliesLoaded (0ms)
			ExecutionOrderSort2 (0ms)
			AwakeInstancesAfterBackupRestoration (9ms)
Platform modules already initialized, skipping
Refreshing native plugins compatible for Editor in 2.07 ms, found 3 plugins.
Preloading 0 native plugins for Editor in 0.00 ms.
Unloading 3540 Unused Serialized files (Serialized files now loaded: 0)
Unloading 21 unused Assets / (152.1 KB). Loaded Objects now: 4075.
Memory consumption went from 145.6 MB to 145.4 MB.
Total: 3.725700 ms (FindLiveObjects: 0.353500 ms CreateObjectMapping: 0.089000 ms MarkObjects: 3.144000 ms  DeleteObjects: 0.137400 ms)

AssetImportParameters requested are different than current active one (requested -> active):
  custom:video-decoder-ogg-theora: a1e56fd34408186e4bbccfd4996cb3dc -> 
  custom:container-muxer-webm: aa71ff27fc2769a1b78a27578f13a17b -> 
  custom:container-demuxer-webm: 4f35f7cbe854078d1ac9338744f61a02 -> 
  custom:video-encoder-webm-vp8: eb34c28f22e8b96e1ab97ce403110664 -> 
  custom:video-codec-MediaFoundation-h265: e54d7ab0439102e2317fc1e4b246158d -> 
  custom:audio-encoder-webm-vorbis: bf7c407c2cedff20999df2af8eb42d56 -> 
  custom:framework-win-MediaFoundation: 216162199b28c13a410421893ffa2e32 -> 
  custom:container-demuxer-ogg: 62fdf1f143b41e24485cea50d1cbac27 -> 
  custom:video-decoder-webm-vp8: 9c59270c3fd7afecdb556c50c9e8de78 -> 
  custom:audio-decoder-ogg-vorbis: bf7c407c2cedff20999df2af8eb42d56 -> 
========================================================================
Received Import Request.
  Time since last request: 51.547067 seconds.
  path: Assets/DATA/Deflector/deflector_1.asset
  artifactKey: Guid(49c936a36dca5f846a984c3861c91327) Importer(815301076,1909f56bfc062723c751e8b465ee728b)
Start importing Assets/DATA/Deflector/deflector_1.asset using Guid(49c936a36dca5f846a984c3861c91327) Importer(815301076,1909f56bfc062723c751e8b465ee728b)  -> (artifact id: '6f77d88bfc20d0b6b418b0856a6826dc') in 0.020932 seconds 
========================================================================
Received Import Request.
  Time since last request: 13.655829 seconds.
  path: Assets/DATA/Deflector/deflector_2.asset
  artifactKey: Guid(f41124467abfb754588b7c1c033f3dd2) Importer(815301076,1909f56bfc062723c751e8b465ee728b)
Start importing Assets/DATA/Deflector/deflector_2.asset using Guid(f41124467abfb754588b7c1c033f3dd2) Importer(815301076,1909f56bfc062723c751e8b465ee728b)  -> (artifact id: '6afd55e039b976b936d4b03843e5aaed') in 0.003614 seconds 
========================================================================
Received Import Request.
  Time since last request: 6.824988 seconds.
  path: Assets/DATA/Deflector/deflector_3.asset
  artifactKey: Guid(16c3ec30fdc9c154abff81759b38717b) Importer(815301076,1909f56bfc062723c751e8b465ee728b)
Start importing Assets/DATA/Deflector/deflector_3.asset using Guid(16c3ec30fdc9c154abff81759b38717b) Importer(815301076,1909f56bfc062723c751e8b465ee728b)  -> (artifact id: 'cd28f2b29de2c8a77d2a9ce110511427') in 0.008034 seconds 
========================================================================
Received Import Request.
  Time since last request: 12.424068 seconds.
  path: Assets/DATA/Deflector/deflector_4.asset
  artifactKey: Guid(def6bae1a4661da4883d4dd2df97746e) Importer(815301076,1909f56bfc062723c751e8b465ee728b)
Start importing Assets/DATA/Deflector/deflector_4.asset using Guid(def6bae1a4661da4883d4dd2df97746e) Importer(815301076,1909f56bfc062723c751e8b465ee728b)  -> (artifact id: '8edab621f5283a66e9045fb63e793066') in 0.003639 seconds 
========================================================================
Received Import Request.
  Time since last request: 7.359464 seconds.
  path: Assets/DATA/Deflector/deflector_5.asset
  artifactKey: Guid(19deaee3b5069ab429a6ee54f0f6fe2a) Importer(815301076,1909f56bfc062723c751e8b465ee728b)
Start importing Assets/DATA/Deflector/deflector_5.asset using Guid(19deaee3b5069ab429a6ee54f0f6fe2a) Importer(815301076,1909f56bfc062723c751e8b465ee728b)  -> (artifact id: 'e1d62f337d532016532b13e91d2232c9') in 0.007843 seconds 
========================================================================
Received Import Request.
  Time since last request: 7.766588 seconds.
  path: Assets/DATA/Deflector/deflector_6.asset
  artifactKey: Guid(87c4321608ab84245b42d91b24aa662a) Importer(815301076,1909f56bfc062723c751e8b465ee728b)
Start importing Assets/DATA/Deflector/deflector_6.asset using Guid(87c4321608ab84245b42d91b24aa662a) Importer(815301076,1909f56bfc062723c751e8b465ee728b)  -> (artifact id: 'cadd7969528fcf7952ff146d621e940c') in 0.004778 seconds 
========================================================================
Received Import Request.
  Time since last request: 7.381203 seconds.
  path: Assets/DATA/Deflector/deflector_7.asset
  artifactKey: Guid(caf9824618095e947a4fc9d00118c471) Importer(815301076,1909f56bfc062723c751e8b465ee728b)
Start importing Assets/DATA/Deflector/deflector_7.asset using Guid(caf9824618095e947a4fc9d00118c471) Importer(815301076,1909f56bfc062723c751e8b465ee728b)  -> (artifact id: '31c370325080938c3ee8c9d775cfacae') in 0.008290 seconds 
========================================================================
Received Import Request.
  Time since last request: 9.815006 seconds.
  path: Assets/DATA/Deflector/deflector_8.asset
  artifactKey: Guid(b6af0f8c7dd1e9c41a164aad4e392928) Importer(815301076,1909f56bfc062723c751e8b465ee728b)
Start importing Assets/DATA/Deflector/deflector_8.asset using Guid(b6af0f8c7dd1e9c41a164aad4e392928) Importer(815301076,1909f56bfc062723c751e8b465ee728b)  -> (artifact id: 'd5556c486967be3a3c7a6fdb44b4a7f3') in 0.008979 seconds 
========================================================================
Received Import Request.
  Time since last request: 11.668457 seconds.
  path: Assets/DATA/Deflector/deflector_9.asset
  artifactKey: Guid(d681d37b4699dfd409e7983d3b0b9442) Importer(815301076,1909f56bfc062723c751e8b465ee728b)
Start importing Assets/DATA/Deflector/deflector_9.asset using Guid(d681d37b4699dfd409e7983d3b0b9442) Importer(815301076,1909f56bfc062723c751e8b465ee728b)  -> (artifact id: '63411a6a932dd311179150c2c3889d7d') in 0.007350 seconds 
========================================================================
Received Import Request.
  Time since last request: 8.927561 seconds.
  path: Assets/DATA/Deflector/1deflector_10.asset
  artifactKey: Guid(826fbf35297039d47bf8b9849acf98ea) Importer(815301076,1909f56bfc062723c751e8b465ee728b)
Start importing Assets/DATA/Deflector/1deflector_10.asset using Guid(826fbf35297039d47bf8b9849acf98ea) Importer(815301076,1909f56bfc062723c751e8b465ee728b)  -> (artifact id: 'ec548e6d503971977a94283fea2bf163') in 0.007173 seconds 
========================================================================
Received Import Request.
  Time since last request: 3.673340 seconds.
  path: Assets/DATA/Deflector/deflector_10.asset
  artifactKey: Guid(826fbf35297039d47bf8b9849acf98ea) Importer(815301076,1909f56bfc062723c751e8b465ee728b)
Start importing Assets/DATA/Deflector/deflector_10.asset using Guid(826fbf35297039d47bf8b9849acf98ea) Importer(815301076,1909f56bfc062723c751e8b465ee728b)  -> (artifact id: '45539427d0e15050aa92464315e47b5d') in 0.003894 seconds 
========================================================================
Received Import Request.
  Time since last request: 15.990053 seconds.
  path: Assets/DATA/Plumage/plumage_1.asset
  artifactKey: Guid(0f9f957886ee86b44bf47ff017b6ccb3) Importer(815301076,1909f56bfc062723c751e8b465ee728b)
Start importing Assets/DATA/Plumage/plumage_1.asset using Guid(0f9f957886ee86b44bf47ff017b6ccb3) Importer(815301076,1909f56bfc062723c751e8b465ee728b)  -> (artifact id: '6fc41936329b6079c1aabd74941fe3ba') in 0.003807 seconds 
========================================================================
Received Import Request.
  Time since last request: 5.155060 seconds.
  path: Assets/DATA/Plumage/plumage_1 1.asset
  artifactKey: Guid(41187a3041911b84db5121f21cbd2123) Importer(815301076,1909f56bfc062723c751e8b465ee728b)
Start importing Assets/DATA/Plumage/plumage_1 1.asset using Guid(41187a3041911b84db5121f21cbd2123) Importer(815301076,1909f56bfc062723c751e8b465ee728b)  -> (artifact id: '88423a97aa74fbeaefc19a2a37103998') in 0.007701 seconds 
========================================================================
Received Import Request.
  Time since last request: 0.390041 seconds.
  path: Assets/DATA/Plumage/plumage_1 2.asset
  artifactKey: Guid(f222bae9167992f44afbbc6dee69d943) Importer(815301076,1909f56bfc062723c751e8b465ee728b)
Start importing Assets/DATA/Plumage/plumage_1 2.asset using Guid(f222bae9167992f44afbbc6dee69d943) Importer(815301076,1909f56bfc062723c751e8b465ee728b)  -> (artifact id: 'd1b8593cfa909e49b8704ead5e0b58f2') in 0.007331 seconds 
========================================================================
Received Import Request.
  Time since last request: 0.464689 seconds.
  path: Assets/DATA/Plumage/plumage_1 3.asset
  artifactKey: Guid(3192b2cbf62afe4499531299e74af5b2) Importer(815301076,1909f56bfc062723c751e8b465ee728b)
Start importing Assets/DATA/Plumage/plumage_1 3.asset using Guid(3192b2cbf62afe4499531299e74af5b2) Importer(815301076,1909f56bfc062723c751e8b465ee728b)  -> (artifact id: '8134e4820ef9dba17c674a050936db56') in 0.200801 seconds 
========================================================================
Received Import Request.
  Time since last request: 0.227697 seconds.
  path: Assets/DATA/Plumage/plumage_1 4.asset
  artifactKey: Guid(f91f532e45161a947a363c8d7f5ce253) Importer(815301076,1909f56bfc062723c751e8b465ee728b)
Start importing Assets/DATA/Plumage/plumage_1 4.asset using Guid(f91f532e45161a947a363c8d7f5ce253) Importer(815301076,1909f56bfc062723c751e8b465ee728b)  -> (artifact id: '82f005753b6a61877795d7d74e73ac81') in 0.007481 seconds 
========================================================================
Received Import Request.
  Time since last request: 0.258423 seconds.
  path: Assets/DATA/Plumage/plumage_1 5.asset
  artifactKey: Guid(e40a92bfd1cd8b74ebdef2e52165bd03) Importer(815301076,1909f56bfc062723c751e8b465ee728b)
Start importing Assets/DATA/Plumage/plumage_1 5.asset using Guid(e40a92bfd1cd8b74ebdef2e52165bd03) Importer(815301076,1909f56bfc062723c751e8b465ee728b)  -> (artifact id: '339000dff246a4be5168a9adeed027a5') in 0.008769 seconds 
========================================================================
Received Import Request.
  Time since last request: 0.430315 seconds.
  path: Assets/DATA/Plumage/plumage_1 6.asset
  artifactKey: Guid(99369526eaf533f4583369de9a755a43) Importer(815301076,1909f56bfc062723c751e8b465ee728b)
Start importing Assets/DATA/Plumage/plumage_1 6.asset using Guid(99369526eaf533f4583369de9a755a43) Importer(815301076,1909f56bfc062723c751e8b465ee728b)  -> (artifact id: '42f32542827e820afe3dc9ff3b3a0918') in 0.007861 seconds 
========================================================================
Received Import Request.
  Time since last request: 0.348870 seconds.
  path: Assets/DATA/Plumage/plumage_1 7.asset
  artifactKey: Guid(2913e15786920944a899639f2706e41d) Importer(815301076,1909f56bfc062723c751e8b465ee728b)
Start importing Assets/DATA/Plumage/plumage_1 7.asset using Guid(2913e15786920944a899639f2706e41d) Importer(815301076,1909f56bfc062723c751e8b465ee728b)  -> (artifact id: '4c3da97d9d53f309a7f45621be5634f3') in 0.007642 seconds 
========================================================================
Received Import Request.
  Time since last request: 0.362362 seconds.
  path: Assets/DATA/Plumage/plumage_1 8.asset
  artifactKey: Guid(44f68fb5180a0a445b98d2721456f99e) Importer(815301076,1909f56bfc062723c751e8b465ee728b)
Start importing Assets/DATA/Plumage/plumage_1 8.asset using Guid(44f68fb5180a0a445b98d2721456f99e) Importer(815301076,1909f56bfc062723c751e8b465ee728b)  -> (artifact id: '13b07b0467a280b14a15e5cc80872abd') in 0.007269 seconds 
========================================================================
Received Import Request.
  Time since last request: 0.413535 seconds.
  path: Assets/DATA/Plumage/plumage_1 9.asset
  artifactKey: Guid(ac3b0d31acbd3ba44a3f003f2efd59db) Importer(815301076,1909f56bfc062723c751e8b465ee728b)
Start importing Assets/DATA/Plumage/plumage_1 9.asset using Guid(ac3b0d31acbd3ba44a3f003f2efd59db) Importer(815301076,1909f56bfc062723c751e8b465ee728b)  -> (artifact id: '68ef5f698cae6b41003be55199fcda80') in 0.007510 seconds 
========================================================================
Received Import Request.
  Time since last request: 0.541440 seconds.
  path: Assets/DATA/Plumage/plumage_1 10.asset
  artifactKey: Guid(90f756f7fea1cc34290631fb14f4a5a3) Importer(815301076,1909f56bfc062723c751e8b465ee728b)
Start importing Assets/DATA/Plumage/plumage_1 10.asset using Guid(90f756f7fea1cc34290631fb14f4a5a3) Importer(815301076,1909f56bfc062723c751e8b465ee728b)  -> (artifact id: '6445ca094fa908880487bae1d3fce4a2') in 0.007070 seconds 
========================================================================
Received Import Request.
  Time since last request: 12.293152 seconds.
  path: Assets/DATA/Plumage/plumage_1.asset
  artifactKey: Guid(41187a3041911b84db5121f21cbd2123) Importer(815301076,1909f56bfc062723c751e8b465ee728b)
Start importing Assets/DATA/Plumage/plumage_1.asset using Guid(41187a3041911b84db5121f21cbd2123) Importer(815301076,1909f56bfc062723c751e8b465ee728b)  -> (artifact id: 'f3912b47eac7155a14f4b05cf69982f5') in 0.003173 seconds 
========================================================================
Received Import Request.
  Time since last request: 3.850243 seconds.
  path: Assets/DATA/Plumage/plumage_2.asset
  artifactKey: Guid(f222bae9167992f44afbbc6dee69d943) Importer(815301076,1909f56bfc062723c751e8b465ee728b)
Start importing Assets/DATA/Plumage/plumage_2.asset using Guid(f222bae9167992f44afbbc6dee69d943) Importer(815301076,1909f56bfc062723c751e8b465ee728b)  -> (artifact id: '6c1d57cb9f6da029152bd59cd42b7caf') in 0.003093 seconds 
========================================================================
Received Import Request.
  Time since last request: 3.775152 seconds.
  path: Assets/DATA/Plumage/plumage_3.asset
  artifactKey: Guid(3192b2cbf62afe4499531299e74af5b2) Importer(815301076,1909f56bfc062723c751e8b465ee728b)
Start importing Assets/DATA/Plumage/plumage_3.asset using Guid(3192b2cbf62afe4499531299e74af5b2) Importer(815301076,1909f56bfc062723c751e8b465ee728b)  -> (artifact id: '9eebcd38d3d4126567752e9c115cb524') in 0.003208 seconds 
========================================================================
Received Import Request.
  Time since last request: 6.489734 seconds.
  path: Assets/DATA/Plumage/plumage_4.asset
  artifactKey: Guid(f91f532e45161a947a363c8d7f5ce253) Importer(815301076,1909f56bfc062723c751e8b465ee728b)
Start importing Assets/DATA/Plumage/plumage_4.asset using Guid(f91f532e45161a947a363c8d7f5ce253) Importer(815301076,1909f56bfc062723c751e8b465ee728b)  -> (artifact id: 'fb8b635d97a0967072d2fe667bc11719') in 0.007104 seconds 
========================================================================
Received Import Request.
  Time since last request: 3.104598 seconds.
  path: Assets/DATA/Plumage/plumage_5.asset
  artifactKey: Guid(e40a92bfd1cd8b74ebdef2e52165bd03) Importer(815301076,1909f56bfc062723c751e8b465ee728b)
Start importing Assets/DATA/Plumage/plumage_5.asset using Guid(e40a92bfd1cd8b74ebdef2e52165bd03) Importer(815301076,1909f56bfc062723c751e8b465ee728b)  -> (artifact id: '717efb6821da88db9702723b82d5c513') in 0.004384 seconds 
========================================================================
Received Import Request.
  Time since last request: 3.879744 seconds.
  path: Assets/DATA/Plumage/plumage_6.asset
  artifactKey: Guid(99369526eaf533f4583369de9a755a43) Importer(815301076,1909f56bfc062723c751e8b465ee728b)
Start importing Assets/DATA/Plumage/plumage_6.asset using Guid(99369526eaf533f4583369de9a755a43) Importer(815301076,1909f56bfc062723c751e8b465ee728b)  -> (artifact id: 'abda86a09b92ca3384fcc25d6b963d2c') in 0.003225 seconds 
========================================================================
Received Import Request.
  Time since last request: 3.270152 seconds.
  path: Assets/DATA/Plumage/plumage 7.asset
  artifactKey: Guid(2913e15786920944a899639f2706e41d) Importer(815301076,1909f56bfc062723c751e8b465ee728b)
Start importing Assets/DATA/Plumage/plumage 7.asset using Guid(2913e15786920944a899639f2706e41d) Importer(815301076,1909f56bfc062723c751e8b465ee728b)  -> (artifact id: '10dcfe0b02ea9ff61cbba0d990b5f165') in 0.007100 seconds 
========================================================================
Received Import Request.
  Time since last request: 5.543058 seconds.
  path: Assets/DATA/Plumage/plumage_7.asset
  artifactKey: Guid(2913e15786920944a899639f2706e41d) Importer(815301076,1909f56bfc062723c751e8b465ee728b)
Start importing Assets/DATA/Plumage/plumage_7.asset using Guid(2913e15786920944a899639f2706e41d) Importer(815301076,1909f56bfc062723c751e8b465ee728b)  -> (artifact id: 'e85f054dff40a0f57382885c5a78e54f') in 0.003808 seconds 
========================================================================
Received Import Request.
  Time since last request: 5.586864 seconds.
  path: Assets/DATA/Plumage/plumage_8.asset
  artifactKey: Guid(44f68fb5180a0a445b98d2721456f99e) Importer(815301076,1909f56bfc062723c751e8b465ee728b)
Start importing Assets/DATA/Plumage/plumage_8.asset using Guid(44f68fb5180a0a445b98d2721456f99e) Importer(815301076,1909f56bfc062723c751e8b465ee728b)  -> (artifact id: '72ab26ca57a6f1213f0cb8f0c352f36a') in 0.003365 seconds 
========================================================================
Received Import Request.
  Time since last request: 4.167617 seconds.
  path: Assets/DATA/Plumage/plumage_9.asset
  artifactKey: Guid(ac3b0d31acbd3ba44a3f003f2efd59db) Importer(815301076,1909f56bfc062723c751e8b465ee728b)
Start importing Assets/DATA/Plumage/plumage_9.asset using Guid(ac3b0d31acbd3ba44a3f003f2efd59db) Importer(815301076,1909f56bfc062723c751e8b465ee728b)  -> (artifact id: 'd41dd50e4dc0ce7d8ca579fb1c01a7d4') in 0.003500 seconds 
========================================================================
Received Import Request.
  Time since last request: 3.678651 seconds.
  path: Assets/DATA/Plumage/plumage_10.asset
  artifactKey: Guid(90f756f7fea1cc34290631fb14f4a5a3) Importer(815301076,1909f56bfc062723c751e8b465ee728b)
Start importing Assets/DATA/Plumage/plumage_10.asset using Guid(90f756f7fea1cc34290631fb14f4a5a3) Importer(815301076,1909f56bfc062723c751e8b465ee728b)  -> (artifact id: 'da649cbc04f27cf504f25f0803e2e6e9') in 0.003145 seconds 
========================================================================
Received Prepare
Registering precompiled user dll's ...
Registered in 0.005487 seconds.
Begin MonoManager ReloadAssembly
Symbol file LoadedFromMemory doesn't match image D:\Rocket Launch\RocketLaunch\RocketLaunch\Library\PackageCache\com.unity.visualscripting@1.7.6\Editor\VisualScripting.Core\Dependencies\YamlDotNet\Unity.VisualScripting.YamlDotNet.dll
Symbol file LoadedFromMemory doesn't match image D:\Rocket Launch\RocketLaunch\RocketLaunch\Library\PackageCache\com.unity.visualscripting@1.7.6\Editor\VisualScripting.Core\Dependencies\DotNetZip\Unity.VisualScripting.IonicZip.dll
Native extension for UWP target not found
Native extension for WindowsStandalone target not found
Native extension for Android target not found
Native extension for WebGL target not found
Refreshing native plugins compatible for Editor in 1.01 ms, found 3 plugins.
Preloading 0 native plugins for Editor in 0.00 ms.
Mono: successfully reloaded assembly
- Completed reload, in  1.229 seconds
Domain Reload Profiling:
	ReloadAssembly (1230ms)
		BeginReloadAssembly (146ms)
			ExecutionOrderSort (0ms)
			DisableScriptedObjects (6ms)
			BackupInstance (0ms)
			ReleaseScriptingObjects (0ms)
			CreateAndSetChildDomain (40ms)
		EndReloadAssembly (977ms)
			LoadAssemblies (91ms)
			RebuildTransferFunctionScriptingTraits (0ms)
			SetupTypeCache (327ms)
			ReleaseScriptCaches (2ms)
			RebuildScriptCaches (52ms)
			SetupLoadedEditorAssemblies (455ms)
				LogAssemblyErrors (0ms)
				InitializePlatformSupportModulesInManaged (27ms)
				SetLoadedEditorAssemblies (1ms)
				RefreshPlugins (1ms)
				BeforeProcessingInitializeOnLoad (89ms)
				ProcessInitializeOnLoadAttributes (293ms)
				ProcessInitializeOnLoadMethodAttributes (40ms)
				AfterProcessingInitializeOnLoad (4ms)
				EditorAssembliesLoaded (0ms)
			ExecutionOrderSort2 (0ms)
			AwakeInstancesAfterBackupRestoration (10ms)
Platform modules already initialized, skipping
Refreshing native plugins compatible for Editor in 2.65 ms, found 3 plugins.
Preloading 0 native plugins for Editor in 0.00 ms.
Unloading 3540 Unused Serialized files (Serialized files now loaded: 0)
Unloading 22 unused Assets / (153.1 KB). Loaded Objects now: 4090.
Memory consumption went from 145.6 MB to 145.5 MB.
Total: 4.267300 ms (FindLiveObjects: 0.308900 ms CreateObjectMapping: 0.086200 ms MarkObjects: 3.698100 ms  DeleteObjects: 0.172200 ms)

AssetImportParameters requested are different than current active one (requested -> active):
  custom:video-decoder-ogg-theora: a1e56fd34408186e4bbccfd4996cb3dc -> 
  custom:container-muxer-webm: aa71ff27fc2769a1b78a27578f13a17b -> 
  custom:container-demuxer-webm: 4f35f7cbe854078d1ac9338744f61a02 -> 
  custom:video-encoder-webm-vp8: eb34c28f22e8b96e1ab97ce403110664 -> 
  custom:video-codec-MediaFoundation-h265: e54d7ab0439102e2317fc1e4b246158d -> 
  custom:audio-encoder-webm-vorbis: bf7c407c2cedff20999df2af8eb42d56 -> 
  custom:framework-win-MediaFoundation: 216162199b28c13a410421893ffa2e32 -> 
  custom:container-demuxer-ogg: 62fdf1f143b41e24485cea50d1cbac27 -> 
  custom:video-decoder-webm-vp8: 9c59270c3fd7afecdb556c50c9e8de78 -> 
  custom:audio-decoder-ogg-vorbis: bf7c407c2cedff20999df2af8eb42d56 -> 
========================================================================
Received Import Request.
  Time since last request: 309.545929 seconds.
  path: Assets/DATA/Tank/tank_.asset
  artifactKey: Guid(6f0c296df9fa6fc46aec71b7747a8071) Importer(815301076,1909f56bfc062723c751e8b465ee728b)
Start importing Assets/DATA/Tank/tank_.asset using Guid(6f0c296df9fa6fc46aec71b7747a8071) Importer(815301076,1909f56bfc062723c751e8b465ee728b)  -> (artifact id: '0d646f52324f1567584c9f77e6e1e008') in 0.025078 seconds 
========================================================================
Received Import Request.
  Time since last request: 2.318323 seconds.
  path: Assets/DATA/Tank/tank_ 1.asset
  artifactKey: Guid(b77041c5ebc2738438ec70691402756a) Importer(815301076,1909f56bfc062723c751e8b465ee728b)
Start importing Assets/DATA/Tank/tank_ 1.asset using Guid(b77041c5ebc2738438ec70691402756a) Importer(815301076,1909f56bfc062723c751e8b465ee728b)  -> (artifact id: 'ff095f884a8b5084bd25ed6d0bb4890b') in 0.006653 seconds 
========================================================================
Received Import Request.
  Time since last request: 0.325522 seconds.
  path: Assets/DATA/Tank/tank_ 2.asset
  artifactKey: Guid(08f945c3f9115f74bbcb5d5cf2ecb7a8) Importer(815301076,1909f56bfc062723c751e8b465ee728b)
Start importing Assets/DATA/Tank/tank_ 2.asset using Guid(08f945c3f9115f74bbcb5d5cf2ecb7a8) Importer(815301076,1909f56bfc062723c751e8b465ee728b)  -> (artifact id: '5eba2babd27208b483a855439a7adec7') in 0.006605 seconds 
========================================================================
Received Import Request.
  Time since last request: 0.349920 seconds.
  path: Assets/DATA/Tank/tank_ 3.asset
  artifactKey: Guid(915f85b9b4bc9324a8e04cd0caae88cd) Importer(815301076,1909f56bfc062723c751e8b465ee728b)
Start importing Assets/DATA/Tank/tank_ 3.asset using Guid(915f85b9b4bc9324a8e04cd0caae88cd) Importer(815301076,1909f56bfc062723c751e8b465ee728b)  -> (artifact id: '3fae2d6dfe2bce05a2dd4687cb6b65d5') in 0.006854 seconds 
========================================================================
Received Import Request.
  Time since last request: 0.306225 seconds.
  path: Assets/DATA/Tank/tank_ 4.asset
  artifactKey: Guid(78745b5a6edaba24db279517809f3f6c) Importer(815301076,1909f56bfc062723c751e8b465ee728b)
Start importing Assets/DATA/Tank/tank_ 4.asset using Guid(78745b5a6edaba24db279517809f3f6c) Importer(815301076,1909f56bfc062723c751e8b465ee728b)  -> (artifact id: 'dfe0966b250949dd08ebabdae2313b8f') in 0.007637 seconds 
========================================================================
Received Import Request.
  Time since last request: 0.187389 seconds.
  path: Assets/DATA/Tank/tank_ 5.asset
  artifactKey: Guid(e93b489baa7327d439bf6fe9d7cff47d) Importer(815301076,1909f56bfc062723c751e8b465ee728b)
Start importing Assets/DATA/Tank/tank_ 5.asset using Guid(e93b489baa7327d439bf6fe9d7cff47d) Importer(815301076,1909f56bfc062723c751e8b465ee728b)  -> (artifact id: '2afced22bfbfad18ec8d715a6992d15d') in 0.008860 seconds 
========================================================================
Received Import Request.
  Time since last request: 0.243294 seconds.
  path: Assets/DATA/Tank/tank_ 6.asset
  artifactKey: Guid(13629d03061ecd34796a18901b9e0ea3) Importer(815301076,1909f56bfc062723c751e8b465ee728b)
Start importing Assets/DATA/Tank/tank_ 6.asset using Guid(13629d03061ecd34796a18901b9e0ea3) Importer(815301076,1909f56bfc062723c751e8b465ee728b)  -> (artifact id: '1a44232af0f598ba43a702f96da239e9') in 0.006298 seconds 
========================================================================
Received Import Request.
  Time since last request: 0.428102 seconds.
  path: Assets/DATA/Tank/tank_ 7.asset
  artifactKey: Guid(4ed397ec79f98b14387e424f108803b4) Importer(815301076,1909f56bfc062723c751e8b465ee728b)
Start importing Assets/DATA/Tank/tank_ 7.asset using Guid(4ed397ec79f98b14387e424f108803b4) Importer(815301076,1909f56bfc062723c751e8b465ee728b)  -> (artifact id: '282a5dd03836103d8edacdf4885792b1') in 0.006285 seconds 
========================================================================
Received Import Request.
  Time since last request: 0.318511 seconds.
  path: Assets/DATA/Tank/tank_ 8.asset
  artifactKey: Guid(6ce89b9822e4107409bf3737a6c67808) Importer(815301076,1909f56bfc062723c751e8b465ee728b)
Start importing Assets/DATA/Tank/tank_ 8.asset using Guid(6ce89b9822e4107409bf3737a6c67808) Importer(815301076,1909f56bfc062723c751e8b465ee728b)  -> (artifact id: 'dc3be449a3bfdee6b68fdadc32df3812') in 0.006374 seconds 
========================================================================
Received Import Request.
  Time since last request: 0.298667 seconds.
  path: Assets/DATA/Tank/tank_ 9.asset
  artifactKey: Guid(9a02fa004731a7747aca4e5748f7d2da) Importer(815301076,1909f56bfc062723c751e8b465ee728b)
Start importing Assets/DATA/Tank/tank_ 9.asset using Guid(9a02fa004731a7747aca4e5748f7d2da) Importer(815301076,1909f56bfc062723c751e8b465ee728b)  -> (artifact id: 'd4dd5efc7788e22d123b38a750aff3d3') in 0.016087 seconds 
========================================================================
Received Import Request.
  Time since last request: 0.981628 seconds.
  path: Assets/DATA/Tank/tank_ 10.asset
  artifactKey: Guid(34685f92824b3234494d35c8a153452a) Importer(815301076,1909f56bfc062723c751e8b465ee728b)
Start importing Assets/DATA/Tank/tank_ 10.asset using Guid(34685f92824b3234494d35c8a153452a) Importer(815301076,1909f56bfc062723c751e8b465ee728b)  -> (artifact id: '9fc9b3b0a41684e6be70e3f94a932dc9') in 0.007295 seconds 
========================================================================
Received Import Request.
  Time since last request: 7.826155 seconds.
  path: Assets/DATA/Tank/tank_1.asset
  artifactKey: Guid(b77041c5ebc2738438ec70691402756a) Importer(815301076,1909f56bfc062723c751e8b465ee728b)
Start importing Assets/DATA/Tank/tank_1.asset using Guid(b77041c5ebc2738438ec70691402756a) Importer(815301076,1909f56bfc062723c751e8b465ee728b)  -> (artifact id: 'e5c76c1248b2a948d8c47b73b83c817f') in 0.006211 seconds 
========================================================================
Received Import Request.
  Time since last request: 3.714478 seconds.
  path: Assets/DATA/Tank/tank_2.asset
  artifactKey: Guid(08f945c3f9115f74bbcb5d5cf2ecb7a8) Importer(815301076,1909f56bfc062723c751e8b465ee728b)
Start importing Assets/DATA/Tank/tank_2.asset using Guid(08f945c3f9115f74bbcb5d5cf2ecb7a8) Importer(815301076,1909f56bfc062723c751e8b465ee728b)  -> (artifact id: '0a6953cf8c6ebe805f5660a2be262a9a') in 0.006715 seconds 
========================================================================
Received Import Request.
  Time since last request: 8.576568 seconds.
  path: Assets/DATA/Tank/tank_3.asset
  artifactKey: Guid(915f85b9b4bc9324a8e04cd0caae88cd) Importer(815301076,1909f56bfc062723c751e8b465ee728b)
Start importing Assets/DATA/Tank/tank_3.asset using Guid(915f85b9b4bc9324a8e04cd0caae88cd) Importer(815301076,1909f56bfc062723c751e8b465ee728b)  -> (artifact id: '1ab270bbbdaa8fef1444f97cb0786e1c') in 0.002421 seconds 
========================================================================
Received Import Request.
  Time since last request: 2.890652 seconds.
  path: Assets/DATA/Tank/tank_4.asset
  artifactKey: Guid(78745b5a6edaba24db279517809f3f6c) Importer(815301076,1909f56bfc062723c751e8b465ee728b)
Start importing Assets/DATA/Tank/tank_4.asset using Guid(78745b5a6edaba24db279517809f3f6c) Importer(815301076,1909f56bfc062723c751e8b465ee728b)  -> (artifact id: '64a1bc93a2818d60e336b175bcfdd5fa') in 0.002605 seconds 
========================================================================
Received Import Request.
  Time since last request: 3.071739 seconds.
  path: Assets/DATA/Tank/tank_5.asset
  artifactKey: Guid(e93b489baa7327d439bf6fe9d7cff47d) Importer(815301076,1909f56bfc062723c751e8b465ee728b)
Start importing Assets/DATA/Tank/tank_5.asset using Guid(e93b489baa7327d439bf6fe9d7cff47d) Importer(815301076,1909f56bfc062723c751e8b465ee728b)  -> (artifact id: 'ecee3cabe0c7bda2605b588ed8bd2fae') in 0.002389 seconds 
========================================================================
Received Import Request.
  Time since last request: 2.589716 seconds.
  path: Assets/DATA/Tank/tank_6.asset
  artifactKey: Guid(13629d03061ecd34796a18901b9e0ea3) Importer(815301076,1909f56bfc062723c751e8b465ee728b)
Start importing Assets/DATA/Tank/tank_6.asset using Guid(13629d03061ecd34796a18901b9e0ea3) Importer(815301076,1909f56bfc062723c751e8b465ee728b)  -> (artifact id: '0c5bdfb5f793f03ef00ef4ab5763e7fc') in 0.002334 seconds 
========================================================================
Received Import Request.
  Time since last request: 2.420548 seconds.
  path: Assets/DATA/Tank/tank_7.asset
  artifactKey: Guid(4ed397ec79f98b14387e424f108803b4) Importer(815301076,1909f56bfc062723c751e8b465ee728b)
Start importing Assets/DATA/Tank/tank_7.asset using Guid(4ed397ec79f98b14387e424f108803b4) Importer(815301076,1909f56bfc062723c751e8b465ee728b)  -> (artifact id: '04b3f38e2e13f1091b842d439ccb0644') in 0.002395 seconds 
========================================================================
Received Import Request.
  Time since last request: 5.102567 seconds.
  path: Assets/DATA/Tank/tank_8.asset
  artifactKey: Guid(6ce89b9822e4107409bf3737a6c67808) Importer(815301076,1909f56bfc062723c751e8b465ee728b)
Start importing Assets/DATA/Tank/tank_8.asset using Guid(6ce89b9822e4107409bf3737a6c67808) Importer(815301076,1909f56bfc062723c751e8b465ee728b)  -> (artifact id: 'ede8a9d7e32c6ef8e66d5aec830ca7e9') in 0.002343 seconds 
========================================================================
Received Import Request.
  Time since last request: 2.368707 seconds.
  path: Assets/DATA/Tank/tank 9.asset
  artifactKey: Guid(9a02fa004731a7747aca4e5748f7d2da) Importer(815301076,1909f56bfc062723c751e8b465ee728b)
Start importing Assets/DATA/Tank/tank 9.asset using Guid(9a02fa004731a7747aca4e5748f7d2da) Importer(815301076,1909f56bfc062723c751e8b465ee728b)  -> (artifact id: 'c22d2410dd42ba619ec53fbc5ac5d9c5') in 0.006306 seconds 
========================================================================
Received Import Request.
  Time since last request: 4.818551 seconds.
  path: Assets/DATA/Tank/tank_9.asset
  artifactKey: Guid(9a02fa004731a7747aca4e5748f7d2da) Importer(815301076,1909f56bfc062723c751e8b465ee728b)
Start importing Assets/DATA/Tank/tank_9.asset using Guid(9a02fa004731a7747aca4e5748f7d2da) Importer(815301076,1909f56bfc062723c751e8b465ee728b)  -> (artifact id: '22698a226099e4664a1eb66c8a48ed85') in 0.002340 seconds 
========================================================================
Received Import Request.
  Time since last request: 3.522670 seconds.
  path: Assets/DATA/Tank/tank_10.asset
  artifactKey: Guid(34685f92824b3234494d35c8a153452a) Importer(815301076,1909f56bfc062723c751e8b465ee728b)
Start importing Assets/DATA/Tank/tank_10.asset using Guid(34685f92824b3234494d35c8a153452a) Importer(815301076,1909f56bfc062723c751e8b465ee728b)  -> (artifact id: 'e9c4b073eeeecbdb46cb026c2bad7dee') in 0.002183 seconds 
========================================================================
Received Import Request.
  Time since last request: 303.087545 seconds.
  path: Assets/DATA/Engine/engine_1.asset
  artifactKey: Guid(5d0ede642b3f77848a46859af4fcd413) Importer(815301076,1909f56bfc062723c751e8b465ee728b)
Start importing Assets/DATA/Engine/engine_1.asset using Guid(5d0ede642b3f77848a46859af4fcd413) Importer(815301076,1909f56bfc062723c751e8b465ee728b)  -> (artifact id: 'dfda1ff82517aea770e7a16014f52f7c') in 0.009672 seconds 
========================================================================
Received Import Request.
  Time since last request: 0.000025 seconds.
  path: Assets/DATA/Engine/engine_6.asset
  artifactKey: Guid(9b73045b40f0c9f4c8a9d88994071d04) Importer(815301076,1909f56bfc062723c751e8b465ee728b)
Start importing Assets/DATA/Engine/engine_6.asset using Guid(9b73045b40f0c9f4c8a9d88994071d04) Importer(815301076,1909f56bfc062723c751e8b465ee728b)  -> (artifact id: '713f4a94b10c09d139c10864707e9ee7') in 0.003868 seconds 
========================================================================
Received Import Request.
  Time since last request: 0.000027 seconds.
  path: Assets/DATA/Plumage/plumage_7.asset
  artifactKey: Guid(2913e15786920944a899639f2706e41d) Importer(815301076,1909f56bfc062723c751e8b465ee728b)
Start importing Assets/DATA/Plumage/plumage_7.asset using Guid(2913e15786920944a899639f2706e41d) Importer(815301076,1909f56bfc062723c751e8b465ee728b)  -> (artifact id: 'a624ce7692cd714471d9ee6ccd63d599') in 0.005529 seconds 
========================================================================
Received Import Request.
  Time since last request: 0.000021 seconds.
  path: Assets/DATA/Engine/engine_7.asset
  artifactKey: Guid(8f06210b39929f94d9882bb4bf3ef8ea) Importer(815301076,1909f56bfc062723c751e8b465ee728b)
Start importing Assets/DATA/Engine/engine_7.asset using Guid(8f06210b39929f94d9882bb4bf3ef8ea) Importer(815301076,1909f56bfc062723c751e8b465ee728b)  -> (artifact id: '0f8851e01e4d52b34fd280789b428821') in 0.003400 seconds 
========================================================================
Received Import Request.
  Time since last request: 0.000026 seconds.
  path: Assets/DATA/Plumage/plumage_4.asset
  artifactKey: Guid(f91f532e45161a947a363c8d7f5ce253) Importer(815301076,1909f56bfc062723c751e8b465ee728b)
Start importing Assets/DATA/Plumage/plumage_4.asset using Guid(f91f532e45161a947a363c8d7f5ce253) Importer(815301076,1909f56bfc062723c751e8b465ee728b)  -> (artifact id: 'dd9d72451408d947126743203cb37bc7') in 0.009677 seconds 
========================================================================
Received Import Request.
  Time since last request: 0.000032 seconds.
  path: Assets/DATA/Plumage/plumage_9.asset
  artifactKey: Guid(ac3b0d31acbd3ba44a3f003f2efd59db) Importer(815301076,1909f56bfc062723c751e8b465ee728b)
Start importing Assets/DATA/Plumage/plumage_9.asset using Guid(ac3b0d31acbd3ba44a3f003f2efd59db) Importer(815301076,1909f56bfc062723c751e8b465ee728b)  -> (artifact id: '523e3df5b70ddd74da0f67bd893c51da') in 0.003420 seconds 
========================================================================
Received Import Request.
  Time since last request: 0.000021 seconds.
  path: Assets/DATA/Engine/engine_5.asset
  artifactKey: Guid(54a331ee40035804692ac3a49cb9c611) Importer(815301076,1909f56bfc062723c751e8b465ee728b)
Start importing Assets/DATA/Engine/engine_5.asset using Guid(54a331ee40035804692ac3a49cb9c611) Importer(815301076,1909f56bfc062723c751e8b465ee728b)  -> (artifact id: '408636fd79ffb17a634d490927a40042') in 0.007173 seconds 
========================================================================
Received Import Request.
  Time since last request: 0.000038 seconds.
  path: Assets/DATA/Engine/engine_4.asset
  artifactKey: Guid(aef233a28f509444a8e980da3b97cc26) Importer(815301076,1909f56bfc062723c751e8b465ee728b)
Start importing Assets/DATA/Engine/engine_4.asset using Guid(aef233a28f509444a8e980da3b97cc26) Importer(815301076,1909f56bfc062723c751e8b465ee728b)  -> (artifact id: '9b71e15a0a86673012f88715d2f35d3b') in 0.008558 seconds 
========================================================================
Received Import Request.
  Time since last request: 0.000038 seconds.
  path: Assets/DATA/Engine/engine_3.asset
  artifactKey: Guid(9b0ca56dea8728145a0fbd2c6487c3af) Importer(815301076,1909f56bfc062723c751e8b465ee728b)
Start importing Assets/DATA/Engine/engine_3.asset using Guid(9b0ca56dea8728145a0fbd2c6487c3af) Importer(815301076,1909f56bfc062723c751e8b465ee728b)  -> (artifact id: 'dd8e0ed35b10c2adcae76cd09d28900a') in 0.003986 seconds 
========================================================================
Received Import Request.
  Time since last request: 0.000027 seconds.
  path: Assets/DATA/Engine/engine_10.asset
  artifactKey: Guid(b4a04f3302836634aa0b4657fe6ce0ba) Importer(815301076,1909f56bfc062723c751e8b465ee728b)
Start importing Assets/DATA/Engine/engine_10.asset using Guid(b4a04f3302836634aa0b4657fe6ce0ba) Importer(815301076,1909f56bfc062723c751e8b465ee728b)  -> (artifact id: '72920e75bb76c04d6972b579d8c01fe8') in 0.003709 seconds 
========================================================================
Received Import Request.
  Time since last request: 0.000023 seconds.
  path: Assets/DATA/Plumage/plumage_10.asset
  artifactKey: Guid(90f756f7fea1cc34290631fb14f4a5a3) Importer(815301076,1909f56bfc062723c751e8b465ee728b)
Start importing Assets/DATA/Plumage/plumage_10.asset using Guid(90f756f7fea1cc34290631fb14f4a5a3) Importer(815301076,1909f56bfc062723c751e8b465ee728b)  -> (artifact id: '0be3e293dddc2e79fd3775dc19d3c26c') in 0.003751 seconds 
Editor requested this worker to shutdown with reason: Scaling down because of idle timeout
AssetImportWorker is now disconnected from the server
Process exiting
Exiting without the bug reporter. Application will terminate with return code 0