Using pre-set license
Built from '2021.3/staging' branch; Version is '2021.3.3f1 (af2e63e8f9bd) revision 11480675'; Using compiler version '192829333'; Build Type 'Release'
OS: 'Windows 10  (10.0.19043) 64bit Professional' Language: 'ru' Physical Memory: 16332 MB
BatchMode: 1, IsHumanControllingUs: 0, StartBugReporterOnCrash: 0, Is64bit: 1, IsPro: 1

COMMAND LINE ARGUMENTS:
D:\Unity Versions\2021.3.3f1\Editor\Unity.exe
-adb2
-batchMode
-noUpm
-name
AssetImportWorker0
-projectPath
D:/Rocket Launch/RocketLaunch/RocketLaunch
-logFile
Logs/AssetImportWorker0.log
-srvPort
54822
Successfully changed project path to: D:/Rocket Launch/RocketLaunch/RocketLaunch
D:/Rocket Launch/RocketLaunch/RocketLaunch
[UnityMemory] Configuration Parameters - Can be set up in boot.config
    "memorysetup-bucket-allocator-granularity=16"
    "memorysetup-bucket-allocator-bucket-count=8"
    "memorysetup-bucket-allocator-block-size=33554432"
    "memorysetup-bucket-allocator-block-count=8"
    "memorysetup-main-allocator-block-size=16777216"
    "memorysetup-thread-allocator-block-size=16777216"
    "memorysetup-gfx-main-allocator-block-size=16777216"
    "memorysetup-gfx-thread-allocator-block-size=16777216"
    "memorysetup-cache-allocator-block-size=4194304"
    "memorysetup-typetree-allocator-block-size=2097152"
    "memorysetup-profiler-bucket-allocator-granularity=16"
    "memorysetup-profiler-bucket-allocator-bucket-count=8"
    "memorysetup-profiler-bucket-allocator-block-size=33554432"
    "memorysetup-profiler-bucket-allocator-block-count=8"
    "memorysetup-profiler-allocator-block-size=16777216"
    "memorysetup-profiler-editor-allocator-block-size=1048576"
    "memorysetup-temp-allocator-size-main=16777216"
    "memorysetup-job-temp-allocator-block-size=2097152"
    "memorysetup-job-temp-allocator-block-size-background=1048576"
    "memorysetup-job-temp-allocator-reduction-small-platforms=262144"
    "memorysetup-temp-allocator-size-background-worker=32768"
    "memorysetup-temp-allocator-size-job-worker=262144"
    "memorysetup-temp-allocator-size-preload-manager=33554432"
    "memorysetup-temp-allocator-size-nav-mesh-worker=65536"
    "memorysetup-temp-allocator-size-audio-worker=65536"
    "memorysetup-temp-allocator-size-cloud-worker=32768"
    "memorysetup-temp-allocator-size-gi-baking-worker=262144"
    "memorysetup-temp-allocator-size-gfx=262144"
Refreshing native plugins compatible for Editor in 115.47 ms, found 3 plugins.
Preloading 0 native plugins for Editor in 0.00 ms.
Initialize engine version: 2021.3.3f1 (af2e63e8f9bd)
[Subsystems] Discovering subsystems at path D:/Unity Versions/2021.3.3f1/Editor/Data/Resources/UnitySubsystems
[Subsystems] Discovering subsystems at path D:/Rocket Launch/RocketLaunch/RocketLaunch/Assets
GfxDevice: creating device client; threaded=0; jobified=0
Direct3D:
    Version:  Direct3D 11.0 [level 11.1]
    Renderer: NVIDIA GeForce GTX 1060 6GB (ID=0x1c03)
    Vendor:   NVIDIA
    VRAM:     6052 MB
    Driver:   30.0.14.9729
Initialize mono
Mono path[0] = 'D:/Unity Versions/2021.3.3f1/Editor/Data/Managed'
Mono path[1] = 'D:/Unity Versions/2021.3.3f1/Editor/Data/MonoBleedingEdge/lib/mono/unityjit-win32'
Mono config path = 'D:/Unity Versions/2021.3.3f1/Editor/Data/MonoBleedingEdge/etc'
Using monoOptions --debugger-agent=transport=dt_socket,embedding=1,server=y,suspend=n,address=127.0.0.1:56660
Begin MonoManager ReloadAssembly
Registering precompiled unity dll's ...
Register platform support module: D:/Unity Versions/2021.3.3f1/Editor/Data/PlaybackEngines/WebGLSupport/UnityEditor.WebGL.Extensions.dll
Register platform support module: D:/Unity Versions/2021.3.3f1/Editor/Data/PlaybackEngines/AndroidPlayer/UnityEditor.Android.Extensions.dll
Register platform support module: D:/Unity Versions/2021.3.3f1/Editor/Data/PlaybackEngines/WindowsStandaloneSupport/UnityEditor.WindowsStandalone.Extensions.dll
Register platform support module: D:/Unity Versions/2021.3.3f1/Editor/Data/PlaybackEngines/MetroSupport/UnityEditor.UWP.Extensions.dll
Registered in 0.004406 seconds.
Native extension for UWP target not found
Native extension for WindowsStandalone target not found
Native extension for Android target not found
Native extension for WebGL target not found
Refreshing native plugins compatible for Editor in 113.85 ms, found 3 plugins.
Preloading 0 native plugins for Editor in 0.00 ms.
Mono: successfully reloaded assembly
- Completed reload, in  0.802 seconds
Domain Reload Profiling:
	ReloadAssembly (803ms)
		BeginReloadAssembly (89ms)
			ExecutionOrderSort (0ms)
			DisableScriptedObjects (0ms)
			BackupInstance (0ms)
			ReleaseScriptingObjects (0ms)
			CreateAndSetChildDomain (1ms)
		EndReloadAssembly (586ms)
			LoadAssemblies (89ms)
			RebuildTransferFunctionScriptingTraits (0ms)
			SetupTypeCache (140ms)
			ReleaseScriptCaches (0ms)
			RebuildScriptCaches (33ms)
			SetupLoadedEditorAssemblies (356ms)
				LogAssemblyErrors (0ms)
				InitializePlatformSupportModulesInManaged (70ms)
				SetLoadedEditorAssemblies (0ms)
				RefreshPlugins (114ms)
				BeforeProcessingInitializeOnLoad (1ms)
				ProcessInitializeOnLoadAttributes (116ms)
				ProcessInitializeOnLoadMethodAttributes (54ms)
				AfterProcessingInitializeOnLoad (0ms)
				EditorAssembliesLoaded (0ms)
			ExecutionOrderSort2 (0ms)
			AwakeInstancesAfterBackupRestoration (0ms)
Platform modules already initialized, skipping
Registering precompiled user dll's ...
Registered in 0.005104 seconds.
Begin MonoManager ReloadAssembly
Symbol file LoadedFromMemory doesn't match image D:\Rocket Launch\RocketLaunch\RocketLaunch\Library\PackageCache\com.unity.visualscripting@1.7.6\Editor\VisualScripting.Core\Dependencies\YamlDotNet\Unity.VisualScripting.YamlDotNet.dll
Symbol file LoadedFromMemory doesn't match image D:\Rocket Launch\RocketLaunch\RocketLaunch\Library\PackageCache\com.unity.visualscripting@1.7.6\Editor\VisualScripting.Core\Dependencies\DotNetZip\Unity.VisualScripting.IonicZip.dll
Native extension for UWP target not found
Native extension for WindowsStandalone target not found
Native extension for Android target not found
Native extension for WebGL target not found
Refreshing native plugins compatible for Editor in 0.66 ms, found 3 plugins.
Preloading 0 native plugins for Editor in 0.00 ms.
Mono: successfully reloaded assembly
- Completed reload, in  1.414 seconds
Domain Reload Profiling:
	ReloadAssembly (1415ms)
		BeginReloadAssembly (236ms)
			ExecutionOrderSort (0ms)
			DisableScriptedObjects (8ms)
			BackupInstance (0ms)
			ReleaseScriptingObjects (0ms)
			CreateAndSetChildDomain (128ms)
		EndReloadAssembly (1040ms)
			LoadAssemblies (91ms)
			RebuildTransferFunctionScriptingTraits (0ms)
			SetupTypeCache (344ms)
			ReleaseScriptCaches (1ms)
			RebuildScriptCaches (80ms)
			SetupLoadedEditorAssemblies (466ms)
				LogAssemblyErrors (0ms)
				InitializePlatformSupportModulesInManaged (18ms)
				SetLoadedEditorAssemblies (1ms)
				RefreshPlugins (1ms)
				BeforeProcessingInitializeOnLoad (108ms)
				ProcessInitializeOnLoadAttributes (302ms)
				ProcessInitializeOnLoadMethodAttributes (32ms)
				AfterProcessingInitializeOnLoad (4ms)
				EditorAssembliesLoaded (0ms)
			ExecutionOrderSort2 (0ms)
			AwakeInstancesAfterBackupRestoration (8ms)
Platform modules already initialized, skipping
========================================================================
Worker process is ready to serve import requests
Launched and connected shader compiler UnityShaderCompiler.exe after 0.07 seconds
Refreshing native plugins compatible for Editor in 0.65 ms, found 3 plugins.
Preloading 0 native plugins for Editor in 0.00 ms.
Unloading 3558 Unused Serialized files (Serialized files now loaded: 0)
Unloading 40 unused Assets / (184.6 KB). Loaded Objects now: 4045.
Memory consumption went from 144.6 MB to 144.4 MB.
Total: 3.860800 ms (FindLiveObjects: 0.361200 ms CreateObjectMapping: 0.107400 ms MarkObjects: 3.224600 ms  DeleteObjects: 0.165800 ms)

AssetImportParameters requested are different than current active one (requested -> active):
  custom:video-decoder-ogg-theora: a1e56fd34408186e4bbccfd4996cb3dc -> 
  custom:container-muxer-webm: aa71ff27fc2769a1b78a27578f13a17b -> 
  custom:container-demuxer-webm: 4f35f7cbe854078d1ac9338744f61a02 -> 
  custom:video-encoder-webm-vp8: eb34c28f22e8b96e1ab97ce403110664 -> 
  custom:video-codec-MediaFoundation-h265: e54d7ab0439102e2317fc1e4b246158d -> 
  custom:audio-encoder-webm-vorbis: bf7c407c2cedff20999df2af8eb42d56 -> 
  custom:framework-win-MediaFoundation: 216162199b28c13a410421893ffa2e32 -> 
  custom:container-demuxer-ogg: 62fdf1f143b41e24485cea50d1cbac27 -> 
  custom:video-decoder-webm-vp8: 9c59270c3fd7afecdb556c50c9e8de78 -> 
  custom:audio-decoder-ogg-vorbis: bf7c407c2cedff20999df2af8eb42d56 -> 
========================================================================
Received Import Request.
  Time since last request: 51480.121843 seconds.
  path: Assets/Models/Rocket/Deflector_1.prefab
  artifactKey: Guid(b0275f5ec82549449b695828cd18d747) Importer(815301076,1909f56bfc062723c751e8b465ee728b)
Start importing Assets/Models/Rocket/Deflector_1.prefab using Guid(b0275f5ec82549449b695828cd18d747) Importer(815301076,1909f56bfc062723c751e8b465ee728b)  -> (artifact id: 'ae0b72a00e2a8563f390b9f0902bfe50') in 0.148317 seconds 
========================================================================
Received Import Request.
  Time since last request: 32.028144 seconds.
  path: Assets/Prefabs/strash
  artifactKey: Guid(ee8402d36cd41924faeaaaaf35d3b60e) Importer(815301076,1909f56bfc062723c751e8b465ee728b)
Start importing Assets/Prefabs/strash using Guid(ee8402d36cd41924faeaaaaf35d3b60e) Importer(815301076,1909f56bfc062723c751e8b465ee728b)  -> (artifact id: 'dee0ab66949cf6f5d11fd8c364e917c0') in 0.005825 seconds 
========================================================================
Received Import Request.
  Time since last request: 10.790480 seconds.
  path: Assets/Prefabs/deflectors
  artifactKey: Guid(97fe18de067c48a4dbd282e210778c1e) Importer(815301076,1909f56bfc062723c751e8b465ee728b)
Start importing Assets/Prefabs/deflectors using Guid(97fe18de067c48a4dbd282e210778c1e) Importer(815301076,1909f56bfc062723c751e8b465ee728b)  -> (artifact id: '523f9802e7316a239bf3e36a9a5da849') in 0.006466 seconds 
========================================================================
Received Import Request.
  Time since last request: 6.180773 seconds.
  path: Assets/Prefabs/tanks
  artifactKey: Guid(6be13a2006c74ce4d9a17da56cdd79d5) Importer(815301076,1909f56bfc062723c751e8b465ee728b)
Start importing Assets/Prefabs/tanks using Guid(6be13a2006c74ce4d9a17da56cdd79d5) Importer(815301076,1909f56bfc062723c751e8b465ee728b)  -> (artifact id: 'b382bb350aba9cd919748e4303314a02') in 0.005808 seconds 
========================================================================
Received Import Request.
  Time since last request: 9.757436 seconds.
  path: Assets/Prefabs/plumages
  artifactKey: Guid(7a9eb221827b4fd44b2c68a70808fde4) Importer(815301076,1909f56bfc062723c751e8b465ee728b)
Start importing Assets/Prefabs/plumages using Guid(7a9eb221827b4fd44b2c68a70808fde4) Importer(815301076,1909f56bfc062723c751e8b465ee728b)  -> (artifact id: '862df7a1beaa7401d7cffdb8822c2d09') in 0.006056 seconds 
========================================================================
Received Import Request.
  Time since last request: 6.192536 seconds.
  path: Assets/Prefabs/engines
  artifactKey: Guid(ce58421c53e97ae4ab9f7a77b1f995ac) Importer(815301076,1909f56bfc062723c751e8b465ee728b)
Start importing Assets/Prefabs/engines using Guid(ce58421c53e97ae4ab9f7a77b1f995ac) Importer(815301076,1909f56bfc062723c751e8b465ee728b)  -> (artifact id: '284ab9bb5d275f21fa203777eab5d706') in 0.005369 seconds 
========================================================================
Received Import Request.
  Time since last request: 6.168122 seconds.
  path: Assets/Prefabs/deflectors/Deflector_4.prefab
  artifactKey: Guid(1d43559a80b55aa4db4ccf53239b7e08) Importer(815301076,1909f56bfc062723c751e8b465ee728b)
Start importing Assets/Prefabs/deflectors/Deflector_4.prefab using Guid(1d43559a80b55aa4db4ccf53239b7e08) Importer(815301076,1909f56bfc062723c751e8b465ee728b)  -> (artifact id: '23413e0510f0cb1f373e9f2bf094163e') in 0.038696 seconds 
========================================================================
Received Import Request.
  Time since last request: 0.000302 seconds.
  path: Assets/Prefabs/deflectors/Deflector_3.prefab
  artifactKey: Guid(00446216fc3a7324db532bceb9f2484a) Importer(815301076,1909f56bfc062723c751e8b465ee728b)
Start importing Assets/Prefabs/deflectors/Deflector_3.prefab using Guid(00446216fc3a7324db532bceb9f2484a) Importer(815301076,1909f56bfc062723c751e8b465ee728b)  -> (artifact id: 'f72f6ba0580ed3496100db2997282192') in 0.050359 seconds 
========================================================================
Received Import Request.
  Time since last request: 0.000034 seconds.
  path: Assets/Prefabs/deflectors/Deflector_7.prefab
  artifactKey: Guid(1f56e0f1b9d487d479b5215a362e2de9) Importer(815301076,1909f56bfc062723c751e8b465ee728b)
Start importing Assets/Prefabs/deflectors/Deflector_7.prefab using Guid(1f56e0f1b9d487d479b5215a362e2de9) Importer(815301076,1909f56bfc062723c751e8b465ee728b)  -> (artifact id: '22103fa2aea2ce5098dd6f60ab2028aa') in 0.024878 seconds 
========================================================================
Received Import Request.
  Time since last request: 0.000047 seconds.
  path: Assets/Prefabs/deflectors/Deflector_6.prefab
  artifactKey: Guid(e96d8fa8c96b572438ebcd7fd346ae21) Importer(815301076,1909f56bfc062723c751e8b465ee728b)
Start importing Assets/Prefabs/deflectors/Deflector_6.prefab using Guid(e96d8fa8c96b572438ebcd7fd346ae21) Importer(815301076,1909f56bfc062723c751e8b465ee728b)  -> (artifact id: 'ca581bc19fa48abf2ded63c43487a99d') in 0.029635 seconds 
========================================================================
Received Import Request.
  Time since last request: 0.000031 seconds.
  path: Assets/Prefabs/deflectors/Deflector_9.prefab
  artifactKey: Guid(bca2eda9fbae09648bec9ebd241b190e) Importer(815301076,1909f56bfc062723c751e8b465ee728b)
Start importing Assets/Prefabs/deflectors/Deflector_9.prefab using Guid(bca2eda9fbae09648bec9ebd241b190e) Importer(815301076,1909f56bfc062723c751e8b465ee728b)  -> (artifact id: '70ecf2ec2e85ae208322e36abbc379eb') in 0.022728 seconds 
========================================================================
Received Import Request.
  Time since last request: 5.455209 seconds.
  path: Assets/Prefabs/engines/Engine_1.prefab
  artifactKey: Guid(c41156b3ab60f6d45b2326e625de2b8c) Importer(815301076,1909f56bfc062723c751e8b465ee728b)
Start importing Assets/Prefabs/engines/Engine_1.prefab using Guid(c41156b3ab60f6d45b2326e625de2b8c) Importer(815301076,1909f56bfc062723c751e8b465ee728b)  -> (artifact id: 'bc8c23eed3bef51dcb4704fc81b3706c') in 0.024330 seconds 
========================================================================
Received Import Request.
  Time since last request: 0.000030 seconds.
  path: Assets/Prefabs/engines/Engine_5.prefab
  artifactKey: Guid(10efd9ee1ebb8e246a4311daa198fe54) Importer(815301076,1909f56bfc062723c751e8b465ee728b)
Start importing Assets/Prefabs/engines/Engine_5.prefab using Guid(10efd9ee1ebb8e246a4311daa198fe54) Importer(815301076,1909f56bfc062723c751e8b465ee728b)  -> (artifact id: '6fb27097e4a0bea5c8356219b8507278') in 0.040979 seconds 
========================================================================
Received Import Request.
  Time since last request: 0.000029 seconds.
  path: Assets/Prefabs/engines/Engine_3.prefab
  artifactKey: Guid(c6b02f1f7d1912e4fa24a3b7d2aef886) Importer(815301076,1909f56bfc062723c751e8b465ee728b)
Start importing Assets/Prefabs/engines/Engine_3.prefab using Guid(c6b02f1f7d1912e4fa24a3b7d2aef886) Importer(815301076,1909f56bfc062723c751e8b465ee728b)  -> (artifact id: 'cb59dd1fe74464474ff9b0c0fef70580') in 0.021816 seconds 
========================================================================
Received Import Request.
  Time since last request: 0.000043 seconds.
  path: Assets/Prefabs/engines/Engine_4.prefab
  artifactKey: Guid(55c96e45cd0a9cb44a2712034c469580) Importer(815301076,1909f56bfc062723c751e8b465ee728b)
Start importing Assets/Prefabs/engines/Engine_4.prefab using Guid(55c96e45cd0a9cb44a2712034c469580) Importer(815301076,1909f56bfc062723c751e8b465ee728b)  -> (artifact id: '2a3671791b2b5f41031356b114173593') in 0.032587 seconds 
========================================================================
Received Import Request.
  Time since last request: 7.946418 seconds.
  path: Assets/Prefabs/plumages/Plumage_2.prefab
  artifactKey: Guid(cc1ffc41cc1877b4c8dd15543d262f6b) Importer(815301076,1909f56bfc062723c751e8b465ee728b)
Start importing Assets/Prefabs/plumages/Plumage_2.prefab using Guid(cc1ffc41cc1877b4c8dd15543d262f6b) Importer(815301076,1909f56bfc062723c751e8b465ee728b)  -> (artifact id: 'b96666cf46f806e084bbaef04403233c') in 0.025001 seconds 
========================================================================
Received Import Request.
  Time since last request: 0.000030 seconds.
  path: Assets/Prefabs/plumages/Plumage_7.prefab
  artifactKey: Guid(857928d856427ba489137e2faf5d4476) Importer(815301076,1909f56bfc062723c751e8b465ee728b)
Start importing Assets/Prefabs/plumages/Plumage_7.prefab using Guid(857928d856427ba489137e2faf5d4476) Importer(815301076,1909f56bfc062723c751e8b465ee728b)  -> (artifact id: 'e1954e4a8510e18cbd8d34487eccfdc8') in 0.023156 seconds 
========================================================================
Received Import Request.
  Time since last request: 0.000050 seconds.
  path: Assets/Prefabs/plumages/Plumage_4.prefab
  artifactKey: Guid(d6ebe3295d7d88640b0a17e5b3a3367e) Importer(815301076,1909f56bfc062723c751e8b465ee728b)
Start importing Assets/Prefabs/plumages/Plumage_4.prefab using Guid(d6ebe3295d7d88640b0a17e5b3a3367e) Importer(815301076,1909f56bfc062723c751e8b465ee728b)  -> (artifact id: '9186ddf4a09c88427ddd7ab6057a1830') in 0.022018 seconds 
========================================================================
Received Import Request.
  Time since last request: 7.899386 seconds.
  path: Assets/Prefabs/tanks/Tank_2.prefab
  artifactKey: Guid(21540f08e6e2b214b9227b5abdba5578) Importer(815301076,1909f56bfc062723c751e8b465ee728b)
Start importing Assets/Prefabs/tanks/Tank_2.prefab using Guid(21540f08e6e2b214b9227b5abdba5578) Importer(815301076,1909f56bfc062723c751e8b465ee728b)  -> (artifact id: 'c320e72b336c507a499bb0c8bc481d66') in 0.024544 seconds 
========================================================================
Received Import Request.
  Time since last request: 0.000035 seconds.
  path: Assets/Prefabs/tanks/Tank_10.prefab
  artifactKey: Guid(a9491b8ac29405c4bb062529572fa49f) Importer(815301076,1909f56bfc062723c751e8b465ee728b)
Start importing Assets/Prefabs/tanks/Tank_10.prefab using Guid(a9491b8ac29405c4bb062529572fa49f) Importer(815301076,1909f56bfc062723c751e8b465ee728b)  -> (artifact id: '79b0b0a83188546d11ae5d2bca0338df') in 0.023385 seconds 
========================================================================
Received Import Request.
  Time since last request: 0.000032 seconds.
  path: Assets/Prefabs/tanks/Tank_7.prefab
  artifactKey: Guid(22845defc018a6549856b3826c3b0731) Importer(815301076,1909f56bfc062723c751e8b465ee728b)
Start importing Assets/Prefabs/tanks/Tank_7.prefab using Guid(22845defc018a6549856b3826c3b0731) Importer(815301076,1909f56bfc062723c751e8b465ee728b)  -> (artifact id: 'ca9125381cf46fa29a5c45485e8218d7') in 0.034009 seconds 
========================================================================
Received Import Request.
  Time since last request: 29.285786 seconds.
  path: Assets/DATA/Deflector/DeflectorData 1.asset
  artifactKey: Guid(49c936a36dca5f846a984c3861c91327) Importer(815301076,1909f56bfc062723c751e8b465ee728b)
Start importing Assets/DATA/Deflector/DeflectorData 1.asset using Guid(49c936a36dca5f846a984c3861c91327) Importer(815301076,1909f56bfc062723c751e8b465ee728b)  -> (artifact id: 'b9721d8a1e1db98fdfc29b682137b893') in 0.013984 seconds 
========================================================================
Received Import Request.
  Time since last request: 47.112156 seconds.
  path: Assets/Sprites/icons/deflector/deflector_2.png
  artifactKey: Guid(76d956c5b2d76e9409e19bca719aa911) Importer(815301076,1909f56bfc062723c751e8b465ee728b)
Start importing Assets/Sprites/icons/deflector/deflector_2.png using Guid(76d956c5b2d76e9409e19bca719aa911) Importer(815301076,1909f56bfc062723c751e8b465ee728b)  -> (artifact id: 'fc9197d95f4b3955d958b29191a8fa3b') in 0.076848 seconds 
========================================================================
Received Import Request.
  Time since last request: 0.000024 seconds.
  path: Assets/Sprites/icons/deflector/deflector_6.png
  artifactKey: Guid(9902b5fcfd9870d49a3fb1e3fe3e9c33) Importer(815301076,1909f56bfc062723c751e8b465ee728b)
Start importing Assets/Sprites/icons/deflector/deflector_6.png using Guid(9902b5fcfd9870d49a3fb1e3fe3e9c33) Importer(815301076,1909f56bfc062723c751e8b465ee728b)  -> (artifact id: 'f4eafe9cb8dfa7ca815fd789ce6ad7f5') in 0.014526 seconds 
========================================================================
Received Import Request.
  Time since last request: 0.000030 seconds.
  path: Assets/Sprites/icons/deflector/deflector_9.png
  artifactKey: Guid(76caecde03f56b84aa898a15282f3407) Importer(815301076,1909f56bfc062723c751e8b465ee728b)
Start importing Assets/Sprites/icons/deflector/deflector_9.png using Guid(76caecde03f56b84aa898a15282f3407) Importer(815301076,1909f56bfc062723c751e8b465ee728b)  -> (artifact id: 'c8ef2a6fb6f09fb51ff129322a0ea048') in 0.016248 seconds 
========================================================================
Received Import Request.
  Time since last request: 19.195032 seconds.
  path: Assets/Sprites/icons/deflector/deflector_1.png
  artifactKey: Guid(e00c9e3a374a12041bccb36e9735108e) Importer(815301076,1909f56bfc062723c751e8b465ee728b)
Start importing Assets/Sprites/icons/deflector/deflector_1.png using Guid(e00c9e3a374a12041bccb36e9735108e) Importer(815301076,1909f56bfc062723c751e8b465ee728b)  -> (artifact id: '854eac969b8fed4b23c15edb9cc7948f') in 0.105724 seconds 
========================================================================
Received Import Request.
  Time since last request: 0.000036 seconds.
  path: Assets/Sprites/icons/deflector/deflector_8.png
  artifactKey: Guid(b4cfd772bf42cb44786dccc2ddb176a8) Importer(815301076,1909f56bfc062723c751e8b465ee728b)
Start importing Assets/Sprites/icons/deflector/deflector_8.png using Guid(b4cfd772bf42cb44786dccc2ddb176a8) Importer(815301076,1909f56bfc062723c751e8b465ee728b)  -> (artifact id: 'c083827953012a6e69086606dbd8177d') in 0.071812 seconds 
========================================================================
Received Import Request.
  Time since last request: 0.000038 seconds.
  path: Assets/Sprites/icons/deflector/deflector_3.png
  artifactKey: Guid(d717a41b618c64b41b3ac3c9346c4016) Importer(815301076,1909f56bfc062723c751e8b465ee728b)
Start importing Assets/Sprites/icons/deflector/deflector_3.png using Guid(d717a41b618c64b41b3ac3c9346c4016) Importer(815301076,1909f56bfc062723c751e8b465ee728b)  -> (artifact id: '77f6cd0fbfc04d532490aee2e7615dc8') in 0.064390 seconds 
========================================================================
Received Import Request.
  Time since last request: 21.076742 seconds.
  path: Assets/Sprites/icons/tank/tank_2.png
  artifactKey: Guid(05f5ce08e802a3048ac804002d6ef354) Importer(815301076,1909f56bfc062723c751e8b465ee728b)
Start importing Assets/Sprites/icons/tank/tank_2.png using Guid(05f5ce08e802a3048ac804002d6ef354) Importer(815301076,1909f56bfc062723c751e8b465ee728b)  -> (artifact id: 'a1ae601c945c1e8fc4c7ec024b97e4f8') in 0.038440 seconds 
========================================================================
Received Import Request.
  Time since last request: 0.000034 seconds.
  path: Assets/Sprites/icons/tank/tank_4.png
  artifactKey: Guid(e993390adfe48794aba4901b4504c07b) Importer(815301076,1909f56bfc062723c751e8b465ee728b)
Start importing Assets/Sprites/icons/tank/tank_4.png using Guid(e993390adfe48794aba4901b4504c07b) Importer(815301076,1909f56bfc062723c751e8b465ee728b)  -> (artifact id: '326bf7fbd27798d25b88d3e5d330e18f') in 0.015166 seconds 
========================================================================
Received Import Request.
  Time since last request: 0.000030 seconds.
  path: Assets/Sprites/icons/tank/tank_10.png
  artifactKey: Guid(b3856a718d9fea24c9850cabe6a430ba) Importer(815301076,1909f56bfc062723c751e8b465ee728b)
Start importing Assets/Sprites/icons/tank/tank_10.png using Guid(b3856a718d9fea24c9850cabe6a430ba) Importer(815301076,1909f56bfc062723c751e8b465ee728b)  -> (artifact id: 'f70fb63c061707374df0b58fe301f63f') in 0.013850 seconds 
========================================================================
Received Import Request.
  Time since last request: 0.000027 seconds.
  path: Assets/Sprites/icons/tank/tank_8.png
  artifactKey: Guid(811e988cba675e34fb3ed213db762775) Importer(815301076,1909f56bfc062723c751e8b465ee728b)
Start importing Assets/Sprites/icons/tank/tank_8.png using Guid(811e988cba675e34fb3ed213db762775) Importer(815301076,1909f56bfc062723c751e8b465ee728b)  -> (artifact id: '10de91e71fcfae1a3d2ac3918973115e') in 0.013555 seconds 
========================================================================
Received Import Request.
  Time since last request: 5.771636 seconds.
  path: Assets/Sprites/icons/tank/tank_3.png
  artifactKey: Guid(6da2b50b7214e3a43b9e1bb6dc8cfa66) Importer(815301076,1909f56bfc062723c751e8b465ee728b)
Start importing Assets/Sprites/icons/tank/tank_3.png using Guid(6da2b50b7214e3a43b9e1bb6dc8cfa66) Importer(815301076,1909f56bfc062723c751e8b465ee728b)  -> (artifact id: '66b0d12f73fd5783d3ce0f58ae021bff') in 0.044201 seconds 
========================================================================
Received Import Request.
  Time since last request: 0.000026 seconds.
  path: Assets/Sprites/icons/tank/tank_9.png
  artifactKey: Guid(4056489410b735f4aaa7906983004e57) Importer(815301076,1909f56bfc062723c751e8b465ee728b)
Start importing Assets/Sprites/icons/tank/tank_9.png using Guid(4056489410b735f4aaa7906983004e57) Importer(815301076,1909f56bfc062723c751e8b465ee728b)  -> (artifact id: 'a8b61d624d9d024ff53ce287a38dd59c') in 0.070894 seconds 
========================================================================
Received Import Request.
  Time since last request: 0.000030 seconds.
  path: Assets/Sprites/icons/tank/tank_8.png
  artifactKey: Guid(811e988cba675e34fb3ed213db762775) Importer(815301076,1909f56bfc062723c751e8b465ee728b)
Start importing Assets/Sprites/icons/tank/tank_8.png using Guid(811e988cba675e34fb3ed213db762775) Importer(815301076,1909f56bfc062723c751e8b465ee728b)  -> (artifact id: '959f0ba88dfe05dc900a2806214cd7cc') in 0.033531 seconds 
========================================================================
Received Import Request.
  Time since last request: 14.387508 seconds.
  path: Assets/Sprites/icons/plumage/plumage_2.png
  artifactKey: Guid(6ade9ddf5e2e18a41a90fc82519947a7) Importer(815301076,1909f56bfc062723c751e8b465ee728b)
Start importing Assets/Sprites/icons/plumage/plumage_2.png using Guid(6ade9ddf5e2e18a41a90fc82519947a7) Importer(815301076,1909f56bfc062723c751e8b465ee728b)  -> (artifact id: '14ac35439f5e10a4dddde952571af966') in 0.022564 seconds 
========================================================================
Received Import Request.
  Time since last request: 0.000038 seconds.
  path: Assets/Sprites/icons/plumage/plumage_4.png
  artifactKey: Guid(95bd5df934eec124bb0f2746abac8f20) Importer(815301076,1909f56bfc062723c751e8b465ee728b)
Start importing Assets/Sprites/icons/plumage/plumage_4.png using Guid(95bd5df934eec124bb0f2746abac8f20) Importer(815301076,1909f56bfc062723c751e8b465ee728b)  -> (artifact id: '1d51ecc6511fc5861ef27e94d31ec1b6') in 0.015185 seconds 
========================================================================
Received Import Request.
  Time since last request: 0.000030 seconds.
  path: Assets/Sprites/icons/plumage/plumage_7.png
  artifactKey: Guid(f922006e6327b9c49b49385e80d8bbd0) Importer(815301076,1909f56bfc062723c751e8b465ee728b)
Start importing Assets/Sprites/icons/plumage/plumage_7.png using Guid(f922006e6327b9c49b49385e80d8bbd0) Importer(815301076,1909f56bfc062723c751e8b465ee728b)  -> (artifact id: '6c809784972e49814c018809094294d6') in 0.013396 seconds 
========================================================================
Received Import Request.
  Time since last request: 6.516922 seconds.
  path: Assets/Sprites/icons/plumage/plumage_1.png
  artifactKey: Guid(514ab46da55737743a467c3ac45d5049) Importer(815301076,1909f56bfc062723c751e8b465ee728b)
Start importing Assets/Sprites/icons/plumage/plumage_1.png using Guid(514ab46da55737743a467c3ac45d5049) Importer(815301076,1909f56bfc062723c751e8b465ee728b)  -> (artifact id: '9097d1af002b4cf8f03c129e9185ccad') in 0.051741 seconds 
========================================================================
Received Import Request.
  Time since last request: 0.000039 seconds.
  path: Assets/Sprites/icons/plumage/plumage_6.png
  artifactKey: Guid(6bc37d49f90f7e84ab0effd9e4c9995e) Importer(815301076,1909f56bfc062723c751e8b465ee728b)
Start importing Assets/Sprites/icons/plumage/plumage_6.png using Guid(6bc37d49f90f7e84ab0effd9e4c9995e) Importer(815301076,1909f56bfc062723c751e8b465ee728b)  -> (artifact id: '46feac378212589c9fcbc6412bfd6c06') in 0.046819 seconds 
========================================================================
Received Import Request.
  Time since last request: 0.000037 seconds.
  path: Assets/Sprites/icons/plumage/plumage_5.png
  artifactKey: Guid(e05777b5846212544b2c2eb4425eef9c) Importer(815301076,1909f56bfc062723c751e8b465ee728b)
Start importing Assets/Sprites/icons/plumage/plumage_5.png using Guid(e05777b5846212544b2c2eb4425eef9c) Importer(815301076,1909f56bfc062723c751e8b465ee728b)  -> (artifact id: '4b53955bc57ef89bbcabdfdba3bcd79e') in 0.046424 seconds 
========================================================================
Received Import Request.
  Time since last request: 16.046931 seconds.
  path: Assets/Sprites/icons/engines/engine_2.png
  artifactKey: Guid(db11e81e6958c344dbf3cd00ce9265b8) Importer(815301076,1909f56bfc062723c751e8b465ee728b)
Start importing Assets/Sprites/icons/engines/engine_2.png using Guid(db11e81e6958c344dbf3cd00ce9265b8) Importer(815301076,1909f56bfc062723c751e8b465ee728b)  -> (artifact id: 'f370dc6dba457b7fd85834b83729078e') in 0.014508 seconds 
========================================================================
Received Import Request.
  Time since last request: 0.000023 seconds.
  path: Assets/Sprites/icons/engines/engine_4.png
  artifactKey: Guid(3bd486ae78d9f2747b376cf836640eeb) Importer(815301076,1909f56bfc062723c751e8b465ee728b)
Start importing Assets/Sprites/icons/engines/engine_4.png using Guid(3bd486ae78d9f2747b376cf836640eeb) Importer(815301076,1909f56bfc062723c751e8b465ee728b)  -> (artifact id: 'a523145cde21051a38dc124c92ef42fe') in 0.019173 seconds 
========================================================================
Received Import Request.
  Time since last request: 0.000021 seconds.
  path: Assets/Sprites/icons/engines/engine_9.png
  artifactKey: Guid(e8309872d2688ed46b5d3fd02371e987) Importer(815301076,1909f56bfc062723c751e8b465ee728b)
Start importing Assets/Sprites/icons/engines/engine_9.png using Guid(e8309872d2688ed46b5d3fd02371e987) Importer(815301076,1909f56bfc062723c751e8b465ee728b)  -> (artifact id: '5ff59e49f0537ce58826a443701d62db') in 0.012455 seconds 
========================================================================
Received Import Request.
  Time since last request: 0.000025 seconds.
  path: Assets/Sprites/icons/engines/engine_5.png
  artifactKey: Guid(8b0026f61d6ed404a82bb6a805e789f1) Importer(815301076,1909f56bfc062723c751e8b465ee728b)
Start importing Assets/Sprites/icons/engines/engine_5.png using Guid(8b0026f61d6ed404a82bb6a805e789f1) Importer(815301076,1909f56bfc062723c751e8b465ee728b)  -> (artifact id: '0027d5b9c7fa105fc3331e94fbfcd5a5') in 0.012473 seconds 
========================================================================
Received Import Request.
  Time since last request: 6.505880 seconds.
  path: Assets/Sprites/icons/engines/engine_1.png
  artifactKey: Guid(b85a9c59f9ec5e3499aca008613d04b8) Importer(815301076,1909f56bfc062723c751e8b465ee728b)
Start importing Assets/Sprites/icons/engines/engine_1.png using Guid(b85a9c59f9ec5e3499aca008613d04b8) Importer(815301076,1909f56bfc062723c751e8b465ee728b)  -> (artifact id: '837d27c70afa6dcbb804273a26ce3481') in 0.012887 seconds 
========================================================================
Received Import Request.
  Time since last request: 0.000041 seconds.
  path: Assets/Sprites/icons/engines/engine_7.png
  artifactKey: Guid(85c4cd4dbeb97f741af7d408cec6e10a) Importer(815301076,1909f56bfc062723c751e8b465ee728b)
Start importing Assets/Sprites/icons/engines/engine_7.png using Guid(85c4cd4dbeb97f741af7d408cec6e10a) Importer(815301076,1909f56bfc062723c751e8b465ee728b)  -> (artifact id: '4c130238177d40692da6e98b8c92d0d6') in 0.040995 seconds 
========================================================================
Received Import Request.
  Time since last request: 0.000033 seconds.
  path: Assets/Sprites/icons/engines/engine_5.png
  artifactKey: Guid(8b0026f61d6ed404a82bb6a805e789f1) Importer(815301076,1909f56bfc062723c751e8b465ee728b)
Start importing Assets/Sprites/icons/engines/engine_5.png using Guid(8b0026f61d6ed404a82bb6a805e789f1) Importer(815301076,1909f56bfc062723c751e8b465ee728b)  -> (artifact id: 'f4d62ef91777e465cba9de9716c2bae4') in 0.018433 seconds 
Editor requested this worker to shutdown with reason: Scaling down because of idle timeout
AssetImportWorker is now disconnected from the server
Process exiting
Exiting without the bug reporter. Application will terminate with return code 0